[2025-06-21 15:23:57] [INFO    ] discord.client: logging in using static token
[2025-06-21 15:23:58] [INFO    ] discord.gateway: Shard ID None has connected to Gateway (Session ID: 84421a22a285c4b8aeb8fc9eebe398c7).
✅ Logged in as OnlyBot#6673 (ID: 1237799562035462286)
User submitted!
Round submission total: 1
User submitted!
Round submission total: 2
User submitted!
Round submission total: 3
User submitted!
Round submission total: 4
User submitted!
Round submission total: 5
User submitted!
Round submission total: 6
User submitted!
Round submission total: 7
All user votes cleared for guild 1237804903166902292
User votes left 2
Removing reaction: 1386064285926559746:180320499157565440:👍
User votes left 1
Removing reaction: 1386064285926559746:180320499157565440:👍
User votes left 0
Removing reaction: 1386064289428668619:180320499157565440:👍
User reacted!
Playoff mode: voting
Team 1 votes: 1, Team 2 votes: 0
User reacted!
User reacted!
User reacted!
Playoff mode: voting
Team 1 votes: 1, Team 2 votes: 0
User reacted!
User reacted!
User reacted!
Playoff mode: voting
Team 1 votes: 0, Team 2 votes: 1
User reacted!
User reacted!
User reacted!
Playoff mode: voting
Team 1 votes: 1, Team 2 votes: 0
User reacted!
User reacted!
User reacted!
Playoff mode: voting
Team 1 votes: 0, Team 2 votes: 1
User reacted!
User reacted!
User reacted!
Playoff mode: voting
Team 1 votes: 1, Team 2 votes: 0
User reacted!
User reacted!
User reacted!
Playoff mode: voting
Team 1 votes: 1, Team 2 votes: 0
User reacted!
User reacted!
